<?xml version="1.0" encoding="UTF-8"?>
<testng-results ignored="0" total="1" passed="1" failed="0" skipped="0">
  <reporter-output>
  </reporter-output>
  <suite started-at="2024-09-16T12:59:39 ART" name="Default suite" finished-at="2024-09-16T12:59:53 ART" duration-ms="13232">
    <groups>
    </groups>
    <test started-at="2024-09-16T12:59:39 ART" name="Default test" finished-at="2024-09-16T12:59:53 ART" duration-ms="13232">
      <class name="Test.testGoogle">
        <test-method signature="ValidarBusquedaGoogle()[pri:0, instance:Test.testGoogle@759d26fb]" started-at="2024-09-16T12:59:39 ART" name="ValidarBusquedaGoogle" description="Validar que las busquedas en Google funcionan" finished-at="2024-09-16T12:59:53 ART" duration-ms="13189" status="PASS">
          <reporter-output>
          </reporter-output>
        </test-method> <!-- ValidarBusquedaGoogle -->
      </class> <!-- Test.testGoogle -->
    </test> <!-- Default test -->
  </suite> <!-- Default suite -->
</testng-results>
